app/build/outputs/logs/manifest-merger-rel-nosigned-report.txt
-- Merging decision tree log ---
manifest
ADDED from forCanary\D_HomeLauncher\AndroidManifest.xml:2:1-312:12
INJECTED from forCanary\D_HomeLauncher\AndroidManifest.xml:2:1-312:12
INJECTED from forCanary\D_HomeLauncher\AndroidManifest.xml:2:1-312:12
INJECTED from forCanary\D_HomeLauncher\AndroidManifest.xml:2:1-312:12
MERGED from [com.android.support:support-core-utils:26.0.2] AndroidManifest.xml:17:1-31:12
MERGED from [com.android.support:support-compat:26.0.2] AndroidManifest.xml:17:1-31:12
INJECTED from forCanary\D_HomeLauncher\AndroidManifest.xml:2:1-312:12
INJECTED from forCanary\D_HomeLauncher\AndroidManifest.xml:2:1-312:12
INJECTED from forCanary\D_HomeLauncher\AndroidManifest.xml:2:1-312:12
	package
		ADDED from forCanary\D_HomeLauncher\AndroidManifest.xml:4:5-51
		INJECTED from forCanary\D_HomeLauncher\AndroidManifest.xml
		INJECTED from forCanary\D_HomeLauncher\AndroidManifest.xml
	android:versionName
		ADDED from forCanary\D_HomeLauncher\AndroidManifest.xml:6:5-32
		INJECTED from forCanary\D_HomeLauncher\AndroidManifest.xml
		INJECTED from forCanary\D_HomeLauncher\AndroidManifest.xml
	xmlns:android
		ADDED from forCanary\D_HomeLauncher\AndroidManifest.xml:3:5-63
	android:versionCode
		ADDED from forCanary\D_HomeLauncher\AndroidManifest.xml:5:5-29
		INJECTED from forCanary\D_HomeLauncher\AndroidManifest.xml
		INJECTED from forCanary\D_HomeLauncher\AndroidManifest.xml
	android:installLocation
		ADDED from forCanary\D_HomeLauncher\AndroidManifest.xml:7:5-43
uses-sdk
ADDED from forCanary\D_HomeLauncher\AndroidManifest.xml:9:5-74
INJECTED from forCanary\D_HomeLauncher\AndroidManifest.xml:9:5-74
INJECTED from forCanary\D_HomeLauncher\AndroidManifest.xml:9:5-74
MERGED from [com.android.support:support-core-utils:26.0.2] AndroidManifest.xml:21:5-23:61
MERGED from [com.android.support:support-core-utils:26.0.2] AndroidManifest.xml:21:5-23:61
MERGED from [com.android.support:support-compat:26.0.2] AndroidManifest.xml:21:5-23:58
MERGED from [com.android.support:support-compat:26.0.2] AndroidManifest.xml:21:5-23:58
INJECTED from forCanary\D_HomeLauncher\AndroidManifest.xml:9:5-74
INJECTED from forCanary\D_HomeLauncher\AndroidManifest.xml:9:5-74
	tools:overrideLibrary
		ADDED from [com.android.support:support-core-utils:26.0.2] AndroidManifest.xml:23:9-58
	android:targetSdkVersion
		ADDED from forCanary\D_HomeLauncher\AndroidManifest.xml:9:42-71
		INJECTED from forCanary\D_HomeLauncher\AndroidManifest.xml
		INJECTED from forCanary\D_HomeLauncher\AndroidManifest.xml
	android:minSdkVersion
		ADDED from forCanary\D_HomeLauncher\AndroidManifest.xml:9:15-41
		INJECTED from forCanary\D_HomeLauncher\AndroidManifest.xml
		INJECTED from forCanary\D_HomeLauncher\AndroidManifest.xml
original-package
ADDED from forCanary\D_HomeLauncher\AndroidManifest.xml:11:5-77
	android:name
		ADDED from forCanary\D_HomeLauncher\AndroidManifest.xml:11:23-74
uses-permission#android.permission.INTERNET
ADDED from forCanary\D_HomeLauncher\AndroidManifest.xml:13:5-67
	android:name
		ADDED from forCanary\D_HomeLauncher\AndroidManifest.xml:13:22-64
uses-permission#android.permission.READ_PHONE_STATE
ADDED from forCanary\D_HomeLauncher\AndroidManifest.xml:14:5-75
	android:name
		ADDED from forCanary\D_HomeLauncher\AndroidManifest.xml:14:22-72
uses-permission#android.permission.ACCESS_NETWORK_STATE
ADDED from forCanary\D_HomeLauncher\AndroidManifest.xml:15:5-79
	android:name
		ADDED from forCanary\D_HomeLauncher\AndroidManifest.xml:15:22-76
uses-permission#android.permission.WRITE_EXTERNAL_STORAGE
ADDED from forCanary\D_HomeLauncher\AndroidManifest.xml:16:5-81
	android:name
		ADDED from forCanary\D_HomeLauncher\AndroidManifest.xml:16:22-78
uses-permission#android.permission.SET_WALLPAPER
ADDED from forCanary\D_HomeLauncher\AndroidManifest.xml:17:5-72
	android:name
		ADDED from forCanary\D_HomeLauncher\AndroidManifest.xml:17:22-69
uses-permission#android.permission.SET_WALLPAPER_HINTS
ADDED from forCanary\D_HomeLauncher\AndroidManifest.xml:18:5-78
	android:name
		ADDED from forCanary\D_HomeLauncher\AndroidManifest.xml:18:22-75
uses-permission#android.permission.VIBRATE
ADDED from forCanary\D_HomeLauncher\AndroidManifest.xml:19:5-66
	android:name
		ADDED from forCanary\D_HomeLauncher\AndroidManifest.xml:19:22-63
uses-permission#android.permission.BIND_APPWIDGET
ADDED from forCanary\D_HomeLauncher\AndroidManifest.xml:20:5-73
	android:name
		ADDED from forCanary\D_HomeLauncher\AndroidManifest.xml:20:22-70
uses-permission#android.permission.CALL_PHONE
ADDED from forCanary\D_HomeLauncher\AndroidManifest.xml:22:5-69
	android:name
		ADDED from forCanary\D_HomeLauncher\AndroidManifest.xml:22:22-66
uses-permission#com.android.launcher.permission.INSTALL_SHORTCUT
ADDED from forCanary\D_HomeLauncher\AndroidManifest.xml:25:5-88
	android:name
		ADDED from forCanary\D_HomeLauncher\AndroidManifest.xml:25:22-85
application
ADDED from forCanary\D_HomeLauncher\AndroidManifest.xml:27:5-311:17
MERGED from [com.android.support:support-core-utils:26.0.2] AndroidManifest.xml:25:5-29:19
MERGED from [com.android.support:support-core-utils:26.0.2] AndroidManifest.xml:25:5-29:19
MERGED from [com.android.support:support-compat:26.0.2] AndroidManifest.xml:25:5-29:19
MERGED from [com.android.support:support-compat:26.0.2] AndroidManifest.xml:25:5-29:19
	android:label
		ADDED from forCanary\D_HomeLauncher\AndroidManifest.xml:29:9-49
	android:hardwareAccelerated
		ADDED from forCanary\D_HomeLauncher\AndroidManifest.xml:31:9-43
	android:largeHeap
		ADDED from forCanary\D_HomeLauncher\AndroidManifest.xml:32:9-33
	android:icon
		ADDED from forCanary\D_HomeLauncher\AndroidManifest.xml:30:9-50
	android:name
		ADDED from forCanary\D_HomeLauncher\AndroidManifest.xml:28:9-89
meta-data#AppId
ADDED from forCanary\D_HomeLauncher\AndroidManifest.xml:33:9-72
	android:value
		ADDED from forCanary\D_HomeLauncher\AndroidManifest.xml:33:41-69
	android:name
		ADDED from forCanary\D_HomeLauncher\AndroidManifest.xml:33:20-40
activity#jp.co.disney.apps.managed.kisekaeapp.SplashActivity
ADDED from forCanary\D_HomeLauncher\AndroidManifest.xml:35:9-70:20
	android:screenOrientation
		ADDED from forCanary\D_HomeLauncher\AndroidManifest.xml:38:13-49
	android:process
		ADDED from forCanary\D_HomeLauncher\AndroidManifest.xml:43:13-83
	android:label
		ADDED from forCanary\D_HomeLauncher\AndroidManifest.xml:37:13-53
	android:launchMode
		ADDED from forCanary\D_HomeLauncher\AndroidManifest.xml:39:13-44
	android:configChanges
		ADDED from forCanary\D_HomeLauncher\AndroidManifest.xml:44:13-96
	android:alwaysRetainTaskState
		ADDED from forCanary\D_HomeLauncher\AndroidManifest.xml:40:13-49
	android:theme
		ADDED from forCanary\D_HomeLauncher\AndroidManifest.xml:41:13-43
	android:taskAffinity
		ADDED from forCanary\D_HomeLauncher\AndroidManifest.xml:42:13-85
	android:name
		ADDED from forCanary\D_HomeLauncher\AndroidManifest.xml:36:13-43
intent-filter#android.intent.action.MAIN+android.intent.category.LAUNCHER
ADDED from forCanary\D_HomeLauncher\AndroidManifest.xml:45:13-48:29
action#android.intent.action.MAIN
ADDED from forCanary\D_HomeLauncher\AndroidManifest.xml:46:17-69
	android:name
		ADDED from forCanary\D_HomeLauncher\AndroidManifest.xml:46:25-66
category#android.intent.category.LAUNCHER
ADDED from forCanary\D_HomeLauncher\AndroidManifest.xml:47:17-77
	android:name
		ADDED from forCanary\D_HomeLauncher\AndroidManifest.xml:47:27-74
intent-filter#android.intent.action.VIEW+android.intent.category.BROWSABLE+android.intent.category.DEFAULT
ADDED from forCanary\D_HomeLauncher\AndroidManifest.xml:50:11-58:23
action#android.intent.action.VIEW
ADDED from forCanary\D_HomeLauncher\AndroidManifest.xml:51:11-62
	android:name
		ADDED from forCanary\D_HomeLauncher\AndroidManifest.xml:51:19-60
category#android.intent.category.DEFAULT
ADDED from forCanary\D_HomeLauncher\AndroidManifest.xml:52:13-72
	android:name
		ADDED from forCanary\D_HomeLauncher\AndroidManifest.xml:52:23-69
category#android.intent.category.BROWSABLE
ADDED from forCanary\D_HomeLauncher\AndroidManifest.xml:53:13-74
	android:name
		ADDED from forCanary\D_HomeLauncher\AndroidManifest.xml:53:23-71
data
ADDED from forCanary\D_HomeLauncher\AndroidManifest.xml:54:17-57:57
	android:host
		ADDED from forCanary\D_HomeLauncher\AndroidManifest.xml:55:21-72
	android:scheme
		ADDED from forCanary\D_HomeLauncher\AndroidManifest.xml:56:21-53
	android:pathPrefix
		ADDED from forCanary\D_HomeLauncher\AndroidManifest.xml:57:21-54
activity#jp.co.disney.apps.managed.kisekaeapp.AuthGetActivity
ADDED from forCanary\D_HomeLauncher\AndroidManifest.xml:73:9-78:86
	android:screenOrientation
		ADDED from forCanary\D_HomeLauncher\AndroidManifest.xml:77:13-49
	android:exported
		ADDED from forCanary\D_HomeLauncher\AndroidManifest.xml:75:13-36
	android:configChanges
		ADDED from forCanary\D_HomeLauncher\AndroidManifest.xml:76:13-70
	android:theme
		ADDED from forCanary\D_HomeLauncher\AndroidManifest.xml:78:13-83
	android:name
		ADDED from forCanary\D_HomeLauncher\AndroidManifest.xml:74:13-44
activity#jp.co.disney.apps.managed.kisekaeapp.launcher.Launcher
ADDED from forCanary\D_HomeLauncher\AndroidManifest.xml:81:9-97:20
	android:screenOrientation
		ADDED from forCanary\D_HomeLauncher\AndroidManifest.xml:89:13-49
	android:clearTaskOnLaunch
		ADDED from forCanary\D_HomeLauncher\AndroidManifest.xml:84:13-45
	android:stateNotNeeded
		ADDED from forCanary\D_HomeLauncher\AndroidManifest.xml:85:13-42
	android:excludeFromRecents
		ADDED from forCanary\D_HomeLauncher\AndroidManifest.xml:90:13-46
	android:launchMode
		ADDED from forCanary\D_HomeLauncher\AndroidManifest.xml:83:13-44
	android:windowSoftInputMode
		ADDED from forCanary\D_HomeLauncher\AndroidManifest.xml:88:13-52
	android:resumeWhilePausing
		ADDED from forCanary\D_HomeLauncher\AndroidManifest.xml:86:13-46
	android:configChanges
		ADDED from forCanary\D_HomeLauncher\AndroidManifest.xml:91:13-96
	android:theme
		ADDED from forCanary\D_HomeLauncher\AndroidManifest.xml:87:13-41
	android:name
		ADDED from forCanary\D_HomeLauncher\AndroidManifest.xml:82:13-82
intent-filter#android.intent.action.MAIN+android.intent.category.DEFAULT+android.intent.category.HOME
ADDED from forCanary\D_HomeLauncher\AndroidManifest.xml:92:13-96:29
category#android.intent.category.HOME
ADDED from forCanary\D_HomeLauncher\AndroidManifest.xml:94:17-73
	android:name
		ADDED from forCanary\D_HomeLauncher\AndroidManifest.xml:94:27-70
receiver#jp.co.disney.apps.managed.kisekaeapp.launcher.InstallShortcutReceiver
ADDED from forCanary\D_HomeLauncher\AndroidManifest.xml:100:9-107:20
	android:permission
		ADDED from forCanary\D_HomeLauncher\AndroidManifest.xml:102:13-82
	android:name
		ADDED from forCanary\D_HomeLauncher\AndroidManifest.xml:101:13-97
intent-filter#com.android.launcher.action.INSTALL_SHORTCUT+jp.co.disney.apps.managed.kisekaeapp.action.INSTALL_SHORTCUT
ADDED from forCanary\D_HomeLauncher\AndroidManifest.xml:103:13-106:29
action#com.android.launcher.action.INSTALL_SHORTCUT
ADDED from forCanary\D_HomeLauncher\AndroidManifest.xml:104:17-87
	android:name
		ADDED from forCanary\D_HomeLauncher\AndroidManifest.xml:104:25-84
action#jp.co.disney.apps.managed.kisekaeapp.action.INSTALL_SHORTCUT
ADDED from forCanary\D_HomeLauncher\AndroidManifest.xml:105:17-103
	android:name
		ADDED from forCanary\D_HomeLauncher\AndroidManifest.xml:105:25-100
receiver#jp.co.disney.apps.managed.kisekaeapp.launcher.UninstallShortcutReceiver
ADDED from forCanary\D_HomeLauncher\AndroidManifest.xml:110:9-116:20
	android:permission
		ADDED from forCanary\D_HomeLauncher\AndroidManifest.xml:112:13-84
	android:name
		ADDED from forCanary\D_HomeLauncher\AndroidManifest.xml:111:13-99
intent-filter#com.android.launcher.action.UNINSTALL_SHORTCUT
ADDED from forCanary\D_HomeLauncher\AndroidManifest.xml:113:13-115:29
action#com.android.launcher.action.UNINSTALL_SHORTCUT
ADDED from forCanary\D_HomeLauncher\AndroidManifest.xml:114:17-89
	android:name
		ADDED from forCanary\D_HomeLauncher\AndroidManifest.xml:114:25-86
receiver#jp.co.disney.apps.managed.kisekaeapp.launcher.PackageChangedReceiver
ADDED from forCanary\D_HomeLauncher\AndroidManifest.xml:118:9-125:20
	android:name
		ADDED from forCanary\D_HomeLauncher\AndroidManifest.xml:118:19-102
intent-filter#android.intent.action.PACKAGE_CHANGED+android.intent.action.PACKAGE_REMOVED+android.intent.action.PACKAGE_REPLACED
ADDED from forCanary\D_HomeLauncher\AndroidManifest.xml:119:13-124:29
action#android.intent.action.PACKAGE_CHANGED
ADDED from forCanary\D_HomeLauncher\AndroidManifest.xml:120:17-79
	android:name
		ADDED from forCanary\D_HomeLauncher\AndroidManifest.xml:120:25-77
action#android.intent.action.PACKAGE_REPLACED
ADDED from forCanary\D_HomeLauncher\AndroidManifest.xml:121:17-80
	android:name
		ADDED from forCanary\D_HomeLauncher\AndroidManifest.xml:121:25-78
action#android.intent.action.PACKAGE_REMOVED
ADDED from forCanary\D_HomeLauncher\AndroidManifest.xml:122:17-79
	android:name
		ADDED from forCanary\D_HomeLauncher\AndroidManifest.xml:122:25-77
receiver#jp.co.disney.apps.managed.kisekaeapp.launcher.BadgeReciever
ADDED from forCanary\D_HomeLauncher\AndroidManifest.xml:127:9-132:20
	android:name
		ADDED from forCanary\D_HomeLauncher\AndroidManifest.xml:128:13-87
intent-filter#android.intent.action.BADGE_COUNT_UPDATE
ADDED from forCanary\D_HomeLauncher\AndroidManifest.xml:129:13-131:29
action#android.intent.action.BADGE_COUNT_UPDATE
ADDED from forCanary\D_HomeLauncher\AndroidManifest.xml:130:17-83
	android:name
		ADDED from forCanary\D_HomeLauncher\AndroidManifest.xml:130:25-80
provider#jp.co.disney.apps.managed.kisekaeapp.launcher.LauncherProvider
ADDED from forCanary\D_HomeLauncher\AndroidManifest.xml:134:9-137:40
	android:authorities
		ADDED from forCanary\D_HomeLauncher\AndroidManifest.xml:136:13-80
	android:exported
		ADDED from forCanary\D_HomeLauncher\AndroidManifest.xml:137:13-37
	android:name
		ADDED from forCanary\D_HomeLauncher\AndroidManifest.xml:135:13-90
meta-data#android.nfc.disable_beam_default
ADDED from forCanary\D_HomeLauncher\AndroidManifest.xml:139:9-91
	android:value
		ADDED from forCanary\D_HomeLauncher\AndroidManifest.xml:139:68-88
	android:name
		ADDED from forCanary\D_HomeLauncher\AndroidManifest.xml:139:20-67
activity#jp.co.disney.apps.managed.kisekaeapp.spp.BaseAppDownloadActivity
ADDED from forCanary\D_HomeLauncher\AndroidManifest.xml:189:5-199:14
	android:screenOrientation
		ADDED from forCanary\D_HomeLauncher\AndroidManifest.xml:192:13-49
	android:label
		ADDED from forCanary\D_HomeLauncher\AndroidManifest.xml:190:13-53
	android:launchMode
		ADDED from forCanary\D_HomeLauncher\AndroidManifest.xml:195:13-44
	android:configChanges
		ADDED from forCanary\D_HomeLauncher\AndroidManifest.xml:193:13-83
	android:theme
		ADDED from forCanary\D_HomeLauncher\AndroidManifest.xml:191:13-60
	android:name
		ADDED from forCanary\D_HomeLauncher\AndroidManifest.xml:194:13-92
activity#jp.co.disney.apps.managed.kisekaeapp.spp.BannerActivity
ADDED from forCanary\D_HomeLauncher\AndroidManifest.xml:202:5-215:16
	android:screenOrientation
		ADDED from forCanary\D_HomeLauncher\AndroidManifest.xml:205:9-45
	android:process
		ADDED from forCanary\D_HomeLauncher\AndroidManifest.xml:207:13-76
	android:exported
		ADDED from forCanary\D_HomeLauncher\AndroidManifest.xml:203:9-33
	android:configChanges
		ADDED from forCanary\D_HomeLauncher\AndroidManifest.xml:208:13-103
	android:theme
		ADDED from forCanary\D_HomeLauncher\AndroidManifest.xml:209:9-37
	android:taskAffinity
		ADDED from forCanary\D_HomeLauncher\AndroidManifest.xml:206:9-74
	android:name
		ADDED from forCanary\D_HomeLauncher\AndroidManifest.xml:204:9-43
receiver#jp.co.disney.apps.managed.kisekaeapp.widgetbattery.WidgetBattery
ADDED from forCanary\D_HomeLauncher\AndroidManifest.xml:220:9-229:20
	android:label
		ADDED from forCanary\D_HomeLauncher\AndroidManifest.xml:222:13-57
	android:name
		ADDED from forCanary\D_HomeLauncher\AndroidManifest.xml:221:13-92
intent-filter#android.appwidget.action.APPWIDGET_UPDATE
ADDED from forCanary\D_HomeLauncher\AndroidManifest.xml:223:13-225:29
action#android.appwidget.action.APPWIDGET_UPDATE
ADDED from forCanary\D_HomeLauncher\AndroidManifest.xml:224:17-84
	android:name
		ADDED from forCanary\D_HomeLauncher\AndroidManifest.xml:224:25-81
meta-data#android.appwidget.provider
ADDED from forCanary\D_HomeLauncher\AndroidManifest.xml:226:13-228:57
	android:resource
		ADDED from forCanary\D_HomeLauncher\AndroidManifest.xml:228:17-54
	android:name
		ADDED from forCanary\D_HomeLauncher\AndroidManifest.xml:227:17-58
service#jp.co.disney.apps.managed.kisekaeapp.widgetbattery.WidgetBattery$WidgetService
ADDED from forCanary\D_HomeLauncher\AndroidManifest.xml:231:9-234:19
	android:name
		ADDED from forCanary\D_HomeLauncher\AndroidManifest.xml:231:18-75
activity#jp.co.disney.apps.managed.kisekaeapp.widgetbattery.WidgetPickerActivity
ADDED from forCanary\D_HomeLauncher\AndroidManifest.xml:238:9-248:20
	android:screenOrientation
		ADDED from forCanary\D_HomeLauncher\AndroidManifest.xml:241:13-49
	android:process
		ADDED from forCanary\D_HomeLauncher\AndroidManifest.xml:245:13-88
	android:excludeFromRecents
		ADDED from forCanary\D_HomeLauncher\AndroidManifest.xml:246:13-46
	android:launchMode
		ADDED from forCanary\D_HomeLauncher\AndroidManifest.xml:242:13-44
	android:configChanges
		ADDED from forCanary\D_HomeLauncher\AndroidManifest.xml:247:13-96
	android:alwaysRetainTaskState
		ADDED from forCanary\D_HomeLauncher\AndroidManifest.xml:243:13-49
	android:theme
		ADDED from forCanary\D_HomeLauncher\AndroidManifest.xml:240:13-43
	android:taskAffinity
		ADDED from forCanary\D_HomeLauncher\AndroidManifest.xml:244:13-90
	android:name
		ADDED from forCanary\D_HomeLauncher\AndroidManifest.xml:239:13-99
activity#jp.co.disney.apps.managed.kisekaeapp.iconpicker.IconPickerActivity
ADDED from forCanary\D_HomeLauncher\AndroidManifest.xml:250:10-268:20
	android:screenOrientation
		ADDED from forCanary\D_HomeLauncher\AndroidManifest.xml:255:13-49
	android:process
		ADDED from forCanary\D_HomeLauncher\AndroidManifest.xml:259:13-86
	android:label
		ADDED from forCanary\D_HomeLauncher\AndroidManifest.xml:253:13-62
	android:excludeFromRecents
		ADDED from forCanary\D_HomeLauncher\AndroidManifest.xml:260:13-46
	android:launchMode
		ADDED from forCanary\D_HomeLauncher\AndroidManifest.xml:256:13-42
	android:configChanges
		ADDED from forCanary\D_HomeLauncher\AndroidManifest.xml:261:13-96
	android:icon
		ADDED from forCanary\D_HomeLauncher\AndroidManifest.xml:254:13-54
	android:alwaysRetainTaskState
		ADDED from forCanary\D_HomeLauncher\AndroidManifest.xml:257:13-49
	android:documentLaunchMode
		ADDED from forCanary\D_HomeLauncher\AndroidManifest.xml:262:13-48
	android:theme
		ADDED from forCanary\D_HomeLauncher\AndroidManifest.xml:252:13-43
	android:taskAffinity
		ADDED from forCanary\D_HomeLauncher\AndroidManifest.xml:258:13-88
	android:name
		ADDED from forCanary\D_HomeLauncher\AndroidManifest.xml:251:13-94
service#jp.co.disney.apps.managed.kisekaeapp.DisneyMarketBadgeLinkageIntentService
ADDED from forCanary\D_HomeLauncher\AndroidManifest.xml:272:5-290:15
	android:exported
		ADDED from forCanary\D_HomeLauncher\AndroidManifest.xml:273:13-36
	android:name
		ADDED from forCanary\D_HomeLauncher\AndroidManifest.xml:272:14-103
activity#jp.co.disney.apps.managed.kisekaeapp.iconpicker.IconSelectListTypeActivity
ADDED from forCanary\D_HomeLauncher\AndroidManifest.xml:293:9-300:20
	android:screenOrientation
		ADDED from forCanary\D_HomeLauncher\AndroidManifest.xml:299:7-43
	android:launchMode
		ADDED from forCanary\D_HomeLauncher\AndroidManifest.xml:296:13-42
	android:configChanges
		ADDED from forCanary\D_HomeLauncher\AndroidManifest.xml:298:7-90
	android:alwaysRetainTaskState
		ADDED from forCanary\D_HomeLauncher\AndroidManifest.xml:297:13-49
	android:theme
		ADDED from forCanary\D_HomeLauncher\AndroidManifest.xml:295:13-43
	android:name
		ADDED from forCanary\D_HomeLauncher\AndroidManifest.xml:294:13-66
activity#jp.co.disney.apps.managed.kisekaeapp.iconpicker.IconSelectGridTypeActivity
ADDED from forCanary\D_HomeLauncher\AndroidManifest.xml:302:9-309:20
	android:screenOrientation
		ADDED from forCanary\D_HomeLauncher\AndroidManifest.xml:308:7-43
	android:launchMode
		ADDED from forCanary\D_HomeLauncher\AndroidManifest.xml:305:13-42
	android:configChanges
		ADDED from forCanary\D_HomeLauncher\AndroidManifest.xml:307:7-90
	android:alwaysRetainTaskState
		ADDED from forCanary\D_HomeLauncher\AndroidManifest.xml:306:13-49
	android:theme
		ADDED from forCanary\D_HomeLauncher\AndroidManifest.xml:304:13-43
	android:name
		ADDED from forCanary\D_HomeLauncher\AndroidManifest.xml:303:13-66
meta-data#android.support.VERSION
ADDED from [com.android.support:support-core-utils:26.0.2] AndroidManifest.xml:26:9-28:38
MERGED from [com.android.support:support-compat:26.0.2] AndroidManifest.xml:26:9-28:38
MERGED from [com.android.support:support-compat:26.0.2] AndroidManifest.xml:26:9-28:38
	android:value
		ADDED from [com.android.support:support-core-utils:26.0.2] AndroidManifest.xml:28:13-35
	android:name
		ADDED from [com.android.support:support-core-utils:26.0.2] AndroidManifest.xml:27:13-51